TN:
SF:config.js
FNF:0
FNH:0
DA:1,1
DA:2,1
DA:3,1
LF:3
LH:3
BRF:0
BRH:0
end_of_record
TN:
SF:src\app.js
FN:24,(anonymous_0)
FN:29,(anonymous_1)
FNF:2
FNH:2
FNDA:1,(anonymous_0)
FNDA:3,(anonymous_1)
DA:1,1
DA:2,1
DA:3,1
DA:4,1
DA:5,1
DA:7,1
DA:9,1
DA:11,1
DA:16,1
DA:17,1
DA:18,1
DA:19,1
DA:21,1
DA:24,1
DA:25,1
DA:29,1
DA:31,3
DA:32,3
DA:35,3
DA:36,3
DA:39,1
LF:21
LH:21
BRDA:32,0,0,0
BRDA:32,0,1,3
BRDA:35,1,0,3
BRDA:35,1,1,0
BRF:4
BRH:2
end_of_record
TN:
SF:src\controllers\weatherController.js
FN:1,(anonymous_0)
FN:1,(anonymous_1)
FNF:2
FNH:2
FNDA:6,(anonymous_0)
FNDA:9,(anonymous_1)
DA:1,6
DA:6,9
DA:8,9
DA:9,2
DA:10,2
DA:11,2
DA:14,7
DA:15,7
DA:16,5
DA:17,4
DA:19,3
DA:25,4
DA:29,2
LF:13
LH:13
BRDA:8,0,0,2
BRDA:8,0,1,7
BRF:2
BRH:2
end_of_record
TN:
SF:src\libs\currentWeather.js
FN:3,(anonymous_0)
FN:3,(anonymous_1)
FNF:2
FNH:2
FNDA:3,(anonymous_0)
FNDA:4,(anonymous_1)
DA:1,2
DA:3,3
DA:4,4
DA:6,4
DA:7,4
DA:9,4
DA:11,3
DA:17,2
LF:8
LH:8
BRDA:9,0,0,1
BRDA:9,0,1,3
BRF:2
BRH:2
end_of_record
TN:
SF:src\libs\forecast.js
FN:3,(anonymous_0)
FN:3,(anonymous_1)
FNF:2
FNH:2
FNDA:3,(anonymous_0)
FNDA:4,(anonymous_1)
DA:1,2
DA:3,3
DA:4,4
DA:6,4
DA:7,4
DA:9,4
DA:11,3
DA:17,2
LF:8
LH:8
BRDA:9,0,0,1
BRDA:9,0,1,3
BRF:2
BRH:2
end_of_record
TN:
SF:src\libs\geocode.js
FN:1,(anonymous_0)
FN:1,(anonymous_1)
FNF:2
FNH:2
FNDA:4,(anonymous_0)
FNDA:6,(anonymous_1)
DA:1,4
DA:2,6
DA:6,6
DA:7,6
DA:9,6
DA:10,2
DA:11,2
DA:12,2
DA:15,4
DA:16,4
DA:18,4
DA:25,2
LF:12
LH:12
BRDA:9,0,0,2
BRDA:9,0,1,4
BRF:2
BRH:2
end_of_record
TN:
SF:src\routes\weather.js
FNF:0
FNH:0
DA:1,1
DA:2,1
DA:3,1
DA:4,1
DA:6,1
DA:7,1
DA:8,1
DA:10,1
DA:16,1
DA:18,1
LF:10
LH:10
BRF:0
BRH:0
end_of_record
TN:
SF:src\utils\conversion.js
FN:1,(anonymous_0)
FNF:1
FNH:1
FNDA:11,(anonymous_0)
DA:1,2
DA:2,11
DA:3,4
LF:3
LH:3
BRDA:2,0,0,7
BRDA:2,0,1,4
BRF:2
BRH:2
end_of_record
TN:
SF:src\utils\helper.js
FN:3,(anonymous_0)
FN:4,(anonymous_1)
FN:7,(anonymous_2)
FNF:3
FNH:3
FNDA:3,(anonymous_0)
FNDA:120,(anonymous_1)
FNDA:4,(anonymous_2)
DA:1,2
DA:3,2
DA:4,120
DA:7,2
DA:8,4
DA:18,4
LF:6
LH:6
BRDA:14,0,0,1
BRDA:14,0,1,3
BRF:2
BRH:2
end_of_record
